{"numTotalTestSuites":36,"numPassedTestSuites":36,"numFailedTestSuites":0,"numPendingTestSuites":0,"numTotalTests":18,"numPassedTests":0,"numFailedTests":0,"numPendingTests":18,"numTodoTests":0,"snapshot":{"added":0,"failure":false,"filesAdded":0,"filesRemoved":0,"filesRemovedList":[],"filesUnmatched":0,"filesUpdated":0,"matched":0,"total":0,"unchecked":0,"uncheckedKeysByFile":[],"unmatched":0,"updated":0,"didUpdate":false},"startTime":1783294479236,"success":true,"testResults":[{"assertionResults":[{"ancestorTitles":["FeatureServer [surface:feature-server]"],"fullName":"FeatureServer [surface:feature-server] integration lane disabled (HONUA_INTEGRATION_BASE_URL unset)","status":"skipped","title":"integration lane disabled (HONUA_INTEGRATION_BASE_URL unset)","failureMessages":[],"meta":{},"tags":[]}],"startTime":1783294479236,"endTime":1783294479236,"status":"passed","message":"","name":"/home/mike/honua-io/_wt/sdkjs-integration/test/integration/surfaces/feature-server.integration.ts"},{"assertionResults":[{"ancestorTitles":["Geocoding [surface:geocoding]"],"fullName":"Geocoding [surface:geocoding] integration lane disabled (HONUA_INTEGRATION_BASE_URL unset)","status":"skipped","title":"integration lane disabled (HONUA_INTEGRATION_BASE_URL unset)","failureMessages":[],"meta":{},"tags":[]}],"startTime":1783294479236,"endTime":1783294479236,"status":"passed","message":"","name":"/home/mike/honua-io/_wt/sdkjs-integration/test/integration/surfaces/geocoding.integration.ts"},{"assertionResults":[{"ancestorTitles":["GeometryServer [surface:geometry-server]"],"fullName":"GeometryServer [surface:geometry-server] integration lane disabled (HONUA_INTEGRATION_BASE_URL unset)","status":"skipped","title":"integration lane disabled (HONUA_INTEGRATION_BASE_URL unset)","failureMessages":[],"meta":{},"tags":[]}],"startTime":1783294479236,"endTime":1783294479236,"status":"passed","message":"","name":"/home/mike/honua-io/_wt/sdkjs-integration/test/integration/surfaces/geometry-server.integration.ts"},{"assertionResults":[{"ancestorTitles":["GPServer [surface:gp-server]"],"fullName":"GPServer [surface:gp-server] integration lane disabled (HONUA_INTEGRATION_BASE_URL unset)","status":"skipped","title":"integration lane disabled (HONUA_INTEGRATION_BASE_URL unset)","failureMessages":[],"meta":{},"tags":[]}],"startTime":1783294479236,"endTime":1783294479236,"status":"passed","message":"","name":"/home/mike/honua-io/_wt/sdkjs-integration/test/integration/surfaces/gp-server.integration.ts"},{"assertionResults":[{"ancestorTitles":["gRPC-web transport [surface:grpc]"],"fullName":"gRPC-web transport [surface:grpc] integration lane disabled (HONUA_INTEGRATION_BASE_URL unset)","status":"skipped","title":"integration lane disabled (HONUA_INTEGRATION_BASE_URL unset)","failureMessages":[],"meta":{},"tags":[]}],"startTime":1783294479236,"endTime":1783294479236,"status":"passed","message":"","name":"/home/mike/honua-io/_wt/sdkjs-integration/test/integration/surfaces/grpc.integration.ts"},{"assertionResults":[{"ancestorTitles":["ImageServer [surface:image-server]"],"fullName":"ImageServer [surface:image-server] integration lane disabled (HONUA_INTEGRATION_BASE_URL unset)","status":"skipped","title":"integration lane disabled (HONUA_INTEGRATION_BASE_URL unset)","failureMessages":[],"meta":{},"tags":[]}],"startTime":1783294479236,"endTime":1783294479236,"status":"passed","message":"","name":"/home/mike/honua-io/_wt/sdkjs-integration/test/integration/surfaces/image-server.integration.ts"},{"assertionResults":[{"ancestorTitles":["MapServer [surface:map-server]"],"fullName":"MapServer [surface:map-server] integration lane disabled (HONUA_INTEGRATION_BASE_URL unset)","status":"skipped","title":"integration lane disabled (HONUA_INTEGRATION_BASE_URL unset)","failureMessages":[],"meta":{},"tags":[]}],"startTime":1783294479236,"endTime":1783294479236,"status":"passed","message":"","name":"/home/mike/honua-io/_wt/sdkjs-integration/test/integration/surfaces/map-server.integration.ts"},{"assertionResults":[{"ancestorTitles":["OData [surface:odata]"],"fullName":"OData [surface:odata] integration lane disabled (HONUA_INTEGRATION_BASE_URL unset)","status":"skipped","title":"integration lane disabled (HONUA_INTEGRATION_BASE_URL unset)","failureMessages":[],"meta":{},"tags":[]}],"startTime":1783294479236,"endTime":1783294479236,"status":"passed","message":"","name":"/home/mike/honua-io/_wt/sdkjs-integration/test/integration/surfaces/odata.integration.ts"},{"assertionResults":[{"ancestorTitles":["OGC API Features [surface:ogc-features]"],"fullName":"OGC API Features [surface:ogc-features] integration lane disabled (HONUA_INTEGRATION_BASE_URL unset)","status":"skipped","title":"integration lane disabled (HONUA_INTEGRATION_BASE_URL unset)","failureMessages":[],"meta":{},"tags":[]}],"startTime":1783294479236,"endTime":1783294479236,"status":"passed","message":"","name":"/home/mike/honua-io/_wt/sdkjs-integration/test/integration/surfaces/ogc-features.integration.ts"},{"assertionResults":[{"ancestorTitles":["OGC API Maps [surface:ogc-maps]"],"fullName":"OGC API Maps [surface:ogc-maps] integration lane disabled (HONUA_INTEGRATION_BASE_URL unset)","status":"skipped","title":"integration lane disabled (HONUA_INTEGRATION_BASE_URL unset)","failureMessages":[],"meta":{},"tags":[]}],"startTime":1783294479236,"endTime":1783294479236,"status":"passed","message":"","name":"/home/mike/honua-io/_wt/sdkjs-integration/test/integration/surfaces/ogc-maps.integration.ts"},{"assertionResults":[{"ancestorTitles":["OGC API Processes [surface:ogc-processes]"],"fullName":"OGC API Processes [surface:ogc-processes] integration lane disabled (HONUA_INTEGRATION_BASE_URL unset)","status":"skipped","title":"integration lane disabled (HONUA_INTEGRATION_BASE_URL unset)","failureMessages":[],"meta":{},"tags":[]}],"startTime":1783294479236,"endTime":1783294479236,"status":"passed","message":"","name":"/home/mike/honua-io/_wt/sdkjs-integration/test/integration/surfaces/ogc-processes.integration.ts"},{"assertionResults":[{"ancestorTitles":["OGC API Records [surface:ogc-records]"],"fullName":"OGC API Records [surface:ogc-records] integration lane disabled (HONUA_INTEGRATION_BASE_URL unset)","status":"skipped","title":"integration lane disabled (HONUA_INTEGRATION_BASE_URL unset)","failureMessages":[],"meta":{},"tags":[]}],"startTime":1783294479236,"endTime":1783294479236,"status":"passed","message":"","name":"/home/mike/honua-io/_wt/sdkjs-integration/test/integration/surfaces/ogc-records.integration.ts"},{"assertionResults":[{"ancestorTitles":["OGC API Tiles [surface:ogc-tiles]"],"fullName":"OGC API Tiles [surface:ogc-tiles] integration lane disabled (HONUA_INTEGRATION_BASE_URL unset)","status":"skipped","title":"integration lane disabled (HONUA_INTEGRATION_BASE_URL unset)","failureMessages":[],"meta":{},"tags":[]}],"startTime":1783294479236,"endTime":1783294479236,"status":"passed","message":"","name":"/home/mike/honua-io/_wt/sdkjs-integration/test/integration/surfaces/ogc-tiles.integration.ts"},{"assertionResults":[{"ancestorTitles":["Realtime SSE [surface:realtime]"],"fullName":"Realtime SSE [surface:realtime] integration lane disabled (HONUA_INTEGRATION_BASE_URL unset)","status":"skipped","title":"integration lane disabled (HONUA_INTEGRATION_BASE_URL unset)","failureMessages":[],"meta":{},"tags":[]}],"startTime":1783294479236,"endTime":1783294479236,"status":"passed","message":"","name":"/home/mike/honua-io/_wt/sdkjs-integration/test/integration/surfaces/realtime.integration.ts"},{"assertionResults":[{"ancestorTitles":["STAC [surface:stac]"],"fullName":"STAC [surface:stac] integration lane disabled (HONUA_INTEGRATION_BASE_URL unset)","status":"skipped","title":"integration lane disabled (HONUA_INTEGRATION_BASE_URL unset)","failureMessages":[],"meta":{},"tags":[]}],"startTime":1783294479236,"endTime":1783294479236,"status":"passed","message":"","name":"/home/mike/honua-io/_wt/sdkjs-integration/test/integration/surfaces/stac.integration.ts"},{"assertionResults":[{"ancestorTitles":["WFS [surface:wfs]"],"fullName":"WFS [surface:wfs] integration lane disabled (HONUA_INTEGRATION_BASE_URL unset)","status":"skipped","title":"integration lane disabled (HONUA_INTEGRATION_BASE_URL unset)","failureMessages":[],"meta":{},"tags":[]}],"startTime":1783294479236,"endTime":1783294479236,"status":"passed","message":"","name":"/home/mike/honua-io/_wt/sdkjs-integration/test/integration/surfaces/wfs.integration.ts"},{"assertionResults":[{"ancestorTitles":["WMS [surface:wms]"],"fullName":"WMS [surface:wms] integration lane disabled (HONUA_INTEGRATION_BASE_URL unset)","status":"skipped","title":"integration lane disabled (HONUA_INTEGRATION_BASE_URL unset)","failureMessages":[],"meta":{},"tags":[]}],"startTime":1783294479236,"endTime":1783294479236,"status":"passed","message":"","name":"/home/mike/honua-io/_wt/sdkjs-integration/test/integration/surfaces/wms.integration.ts"},{"assertionResults":[{"ancestorTitles":["WMTS [surface:wmts]"],"fullName":"WMTS [surface:wmts] integration lane disabled (HONUA_INTEGRATION_BASE_URL unset)","status":"skipped","title":"integration lane disabled (HONUA_INTEGRATION_BASE_URL unset)","failureMessages":[],"meta":{},"tags":[]}],"startTime":1783294479236,"endTime":1783294479236,"status":"passed","message":"","name":"/home/mike/honua-io/_wt/sdkjs-integration/test/integration/surfaces/wmts.integration.ts"}]}